C:\Program Files (x86)\Microsoft Visual Studio\2017\Community\Common7\IDE\VC\VCTargets\Microsoft.CppBuild.targets(377,5): warning MSB8004: Output Directory does not end with a trailing slash.  This build instance will add the slash as it is required to allow proper evaluation of the Output Directory.
  802_15_4.c
  BackoffCalculation.c
  BERCalculation.c
  CCA.c
  ChangeRadioState.c
  LocateBackoffBoundary.c
  MATLAB_Interface.c
c:\program files (x86)\microsoft visual studio\2017\community\vc\tools\msvc\14.13.26128\include\stdbool.h(16): warning C4005: 'false': macro redefinition
  c:\program files\matlab\r2016a\extern\include\tmwtypes.h(761): note: see previous definition of 'false'
c:\program files (x86)\microsoft visual studio\2017\community\vc\tools\msvc\14.13.26128\include\stdbool.h(17): warning C4005: 'true': macro redefinition
  c:\program files\matlab\r2016a\extern\include\tmwtypes.h(764): note: see previous definition of 'true'
f:\fileexchangeprojectsv11\sensor_energy_consumption_v11.0\64bit\code\include\main.h(212): warning C4005: 'printf': macro redefinition
  c:\program files\matlab\r2016a\extern\include\mex.h(190): note: see previous definition of 'printf'
f:\fileexchangeprojectsv11\sensor_energy_consumption_v11.0\64bit\code\zigbee\matlab_interface.c(71): warning C4018: '<': signed/unsigned mismatch
f:\fileexchangeprojectsv11\sensor_energy_consumption_v11.0\64bit\code\zigbee\matlab_interface.c(85): warning C4996: 'sprintf': This function or variable may be unsafe. Consider using sprintf_s instead. To disable deprecation, use _CRT_SECURE_NO_WARNINGS. See online help for details.
  c:\program files (x86)\windows kits\10\include\10.0.16299.0\ucrt\stdio.h(1772): note: see declaration of 'sprintf'
f:\fileexchangeprojectsv11\sensor_energy_consumption_v11.0\64bit\code\zigbee\matlab_interface.c(48): warning C4101: 'battery': unreferenced local variable
  SINRCalculation.c
  SlottedCSMACA.c
  Superframe.c
  UnslottedCSMACA.c
  Generating Code...
C:\Program Files (x86)\Microsoft Visual Studio\2017\Community\Common7\IDE\VC\VCTargets\Microsoft.CppBuild.targets(1202,5): warning MSB8012: TargetPath(F:\FileExchangeProjectsV11\Sensor_Energy_Consumption_v11.0\64bit\Code\ZigBee\..\Dll\ZigBee.dll) does not match the Linker's OutputFile property value (F:\FileExchangeProjectsV11\Sensor_Energy_Consumption_v11.0\64bit\Code\Dll\libZigBee.dll). This may cause your project to build incorrectly. To correct this, please make sure that $(OutDir), $(TargetName) and $(TargetExt) property values match the value specified in %(Link.OutputFile).
C:\Program Files (x86)\Microsoft Visual Studio\2017\Community\Common7\IDE\VC\VCTargets\Microsoft.CppBuild.targets(1204,5): warning MSB8012: TargetName(ZigBee) does not match the Linker's OutputFile property value (libZigBee). This may cause your project to build incorrectly. To correct this, please make sure that $(OutDir), $(TargetName) and $(TargetExt) property values match the value specified in %(Link.OutputFile).
802_15_4.obj : warning LNK4075: ignoring '/EDITANDCONTINUE' due to '/INCREMENTAL:NO' specification
  Zigbee.lib(802_15_4_lib.obj) : MSIL .netmodule or module compiled with /GL found; restarting link with /LTCG; add /LTCG to the link command line to improve linker performance
802_15_4.obj : warning LNK4075: ignoring '/EDITANDCONTINUE' due to '/INCREMENTAL:NO' specification
     Creating library ..\Dll\ZigBee.lib and object ..\Dll\ZigBee.exp
LINK : warning LNK4098: defaultlib 'MSVCRT' conflicts with use of other libs; use /NODEFAULTLIB:library
  Generating code
  Finished generating code
Zigbee.lib(802_15_4_lib.obj) : warning LNK4099: PDB 'ZigbeeLib.pdb' was not found with 'Zigbee.lib(802_15_4_lib.obj)' or at 'F:\FileExchangeProjectsV11\Sensor_Energy_Consumption_v11.0\64bit\Code\Dll\ZigbeeLib.pdb'; linking object as if no debug info
  ZigBee.vcxproj -> F:\FileExchangeProjectsV11\Sensor_Energy_Consumption_v11.0\64bit\Code\ZigBee\..\Dll\ZigBee.dll
