f:\fileexchangeprojectsv11\sensor_energy_consumption_v11.0\64bit\code\zigbee\x64\debug\vc141.pdb
f:\fileexchangeprojectsv11\sensor_energy_consumption_v11.0\64bit\code\zigbee\x64\debug\vc141.idb
f:\fileexchangeprojectsv11\sensor_energy_consumption_v11.0\64bit\code\zigbee\x64\debug\unslottedcsmaca.obj
f:\fileexchangeprojectsv11\sensor_energy_consumption_v11.0\64bit\code\zigbee\x64\debug\superframe.obj
f:\fileexchangeprojectsv11\sensor_energy_consumption_v11.0\64bit\code\zigbee\x64\debug\slottedcsmaca.obj
f:\fileexchangeprojectsv11\sensor_energy_consumption_v11.0\64bit\code\zigbee\x64\debug\sinrcalculation.obj
f:\fileexchangeprojectsv11\sensor_energy_consumption_v11.0\64bit\code\zigbee\x64\debug\matlab_interface.obj
f:\fileexchangeprojectsv11\sensor_energy_consumption_v11.0\64bit\code\zigbee\x64\debug\locatebackoffboundary.obj
f:\fileexchangeprojectsv11\sensor_energy_consumption_v11.0\64bit\code\zigbee\x64\debug\changeradiostate.obj
f:\fileexchangeprojectsv11\sensor_energy_consumption_v11.0\64bit\code\zigbee\x64\debug\cca.obj
f:\fileexchangeprojectsv11\sensor_energy_consumption_v11.0\64bit\code\zigbee\x64\debug\bercalculation.obj
f:\fileexchangeprojectsv11\sensor_energy_consumption_v11.0\64bit\code\zigbee\x64\debug\backoffcalculation.obj
f:\fileexchangeprojectsv11\sensor_energy_consumption_v11.0\64bit\code\zigbee\x64\debug\802_15_4.obj
f:\fileexchangeprojectsv11\sensor_energy_consumption_v11.0\64bit\code\dll\libzigbee.dll
f:\fileexchangeprojectsv11\sensor_energy_consumption_v11.0\64bit\code\dll\zigbee.pdb
f:\fileexchangeprojectsv11\sensor_energy_consumption_v11.0\64bit\code\dll\zigbee.lib
f:\fileexchangeprojectsv11\sensor_energy_consumption_v11.0\64bit\code\dll\zigbee.exp
f:\fileexchangeprojectsv11\sensor_energy_consumption_v11.0\64bit\code\zigbee\x64\debug\zigbee.tlog\cl.command.1.tlog
f:\fileexchangeprojectsv11\sensor_energy_consumption_v11.0\64bit\code\zigbee\x64\debug\zigbee.tlog\cl.read.1.tlog
f:\fileexchangeprojectsv11\sensor_energy_consumption_v11.0\64bit\code\zigbee\x64\debug\zigbee.tlog\cl.write.1.tlog
f:\fileexchangeprojectsv11\sensor_energy_consumption_v11.0\64bit\code\zigbee\x64\debug\zigbee.tlog\link.command.1.tlog
f:\fileexchangeprojectsv11\sensor_energy_consumption_v11.0\64bit\code\zigbee\x64\debug\zigbee.tlog\link.read.1.tlog
f:\fileexchangeprojectsv11\sensor_energy_consumption_v11.0\64bit\code\zigbee\x64\debug\zigbee.tlog\link.write.1.tlog
f:\fileexchangeprojectsv11\sensor_energy_consumption_v11.0\64bit\code\zigbee\x64\debug\zigbee.tlog\zigbee.write.1u.tlog
